TN:
SF:/Users/aleross/IdeaProjects/angular-material-inputs/dist/material-inputs.js
FN:15,(anonymous_1)
FN:30,materialTextDirective
FN:40,postLink
FN:50,setupInput
FN:69,setupLabel
FN:84,(anonymous_6)
FN:89,(anonymous_7)
FN:91,toggleClass
FN:95,(anonymous_9)
FN:99,(anonymous_10)
FN:111,inputDirective
FN:115,(anonymous_12)
FN:124,hasValue
FN:140,(anonymous_14)
FN:146,(anonymous_15)
FN:162,(anonymous_16)
FN:167,(anonymous_17)
FN:171,(anonymous_18)
FNF:18
FNH:17
FNDA:1,(anonymous_1)
FNDA:9,materialTextDirective
FNDA:9,postLink
FNDA:9,setupInput
FNDA:8,setupLabel
FNDA:9,(anonymous_6)
FNDA:9,(anonymous_7)
FNDA:16,toggleClass
FNDA:2,(anonymous_9)
FNDA:14,(anonymous_10)
FNDA:9,inputDirective
FNDA:10,(anonymous_12)
FNDA:11,hasValue
FNDA:0,(anonymous_14)
FNDA:3,(anonymous_15)
FNDA:2,(anonymous_16)
FNDA:1,(anonymous_17)
FNDA:1,(anonymous_18)
DA:1,1
DA:3,1
DA:15,1
DA:27,1
DA:28,1
DA:30,1
DA:40,1
DA:41,9
DA:42,8
DA:50,1
DA:51,9
DA:52,9
DA:53,1
DA:56,8
DA:57,6
DA:58,6
DA:59,6
DA:69,1
DA:70,8
DA:71,8
DA:72,1
DA:75,7
DA:76,7
DA:77,7
DA:78,7
DA:82,9
DA:85,9
DA:86,9
DA:91,1
DA:92,16
DA:95,9
DA:96,2
DA:99,9
DA:100,14
DA:111,1
DA:112,9
DA:116,10
DA:121,10
DA:124,1
DA:125,11
DA:130,10
DA:140,1
DA:141,0
DA:142,0
DA:146,1
DA:147,3
DA:148,3
DA:153,9
DA:162,10
DA:163,2
DA:167,10
DA:168,1
DA:171,10
DA:172,1
LF:54
LH:52
BRDA:52,1,0,1
BRDA:52,1,1,8
BRDA:56,2,0,6
BRDA:56,2,1,2
BRDA:71,3,0,1
BRDA:71,3,1,7
BRDA:75,4,0,7
BRDA:75,4,1,0
BRDA:76,5,0,7
BRDA:76,5,1,7
BRDA:92,6,0,4
BRDA:92,6,1,12
BRDA:121,7,0,0
BRDA:121,7,1,10
BRDA:125,8,0,11
BRDA:125,8,1,9
BRDA:125,9,0,9
BRDA:125,9,1,0
BRDA:130,10,0,1
BRDA:130,10,1,9
BRF:20
BRH:17
end_of_record
